Removed Pin From Net: NetName=RED7 Pin=FPGA-130
Removed Pin From Net: NetName=RED6 Pin=FPGA-132
Removed Pin From Net: NetName=RED5 Pin=FPGA-134
Removed Pin From Net: NetName=RED4 Pin=FPGA-136
Removed Pin From Net: NetName=RED3 Pin=FPGA-138
Removed Pin From Net: NetName=RED2 Pin=FPGA-140
Removed Pin From Net: NetName=RED1 Pin=FPGA-142
Removed Pin From Net: NetName=RED0 Pin=FPGA-144
Removed Pin From Net: NetName=NetR7_2 Pin=U1-1
Removed Pin From Net: NetName=NetR3_1 Pin=U1-3
Removed Pin From Net: NetName=GND Pin=U1-4
Removed Pin From Net: NetName=12V Pin=U1-8
Added Pin To Net: NetName=RED0 Pin=FPGA-130
Added Pin To Net: NetName=RED1 Pin=FPGA-132
Added Pin To Net: NetName=RED2 Pin=FPGA-134
Added Pin To Net: NetName=RED3 Pin=FPGA-136
Added Pin To Net: NetName=RED4 Pin=FPGA-138
Added Pin To Net: NetName=RED5 Pin=FPGA-140
Added Pin To Net: NetName=RED6 Pin=FPGA-142
Added Pin To Net: NetName=RED7 Pin=FPGA-144
Added Pin To Net: NetName=NetR7_2 Pin=U1-1
Added Pin To Net: NetName=NetR3_1 Pin=U1-3
Added Pin To Net: NetName=GND Pin=U1-4
Added Pin To Net: NetName=12V Pin=U1-8
Added Member To Class: ClassName=BatteryRecharge2 Member=Component C3 Cap Pol1
Added Member To Class: ClassName=fpga_sram Member=Component FPGA CoreEP3C16
Added Member To Class: ClassName=BatteryRecharge2 Member=Component R12 Res1
Added Room: Name=BatteryRecharge2
Added Room: Name=dac_audio_out
Added Room: Name=fpga_sram
Added Room: Name=lcd_breakout
Added Room: Name=MSPBreakout
