Removed Pin From Net: NetName=B7 Pin=BLUE-1
Removed Pin From Net: NetName=B6 Pin=BLUE-2
Removed Pin From Net: NetName=B5 Pin=BLUE-3
Removed Pin From Net: NetName=B4 Pin=BLUE-4
Removed Pin From Net: NetName=B3 Pin=BLUE-5
Removed Pin From Net: NetName=B2 Pin=BLUE-6
Removed Pin From Net: NetName=B1 Pin=BLUE-7
Removed Pin From Net: NetName=B0 Pin=BLUE-8
Removed Pin From Net: NetName=DE Pin=CONTROL-1
Removed Pin From Net: NetName=VSYNC Pin=CONTROL-2
Removed Pin From Net: NetName=HSYNC Pin=CONTROL-3
Removed Pin From Net: NetName=ON/OFF Pin=CONTROL-4
Removed Pin From Net: NetName=G7 Pin=GREEN-1
Removed Pin From Net: NetName=G6 Pin=GREEN-2
Removed Pin From Net: NetName=G5 Pin=GREEN-3
Removed Pin From Net: NetName=G4 Pin=GREEN-4
Removed Pin From Net: NetName=G3 Pin=GREEN-5
Removed Pin From Net: NetName=G2 Pin=GREEN-6
Removed Pin From Net: NetName=G1 Pin=GREEN-7
Removed Pin From Net: NetName=G0 Pin=GREEN-8
Removed Pin From Net: NetName=R7 Pin=RED-1
Removed Pin From Net: NetName=R6 Pin=RED-2
Removed Pin From Net: NetName=R5 Pin=RED-3
Removed Pin From Net: NetName=R4 Pin=RED-4
Removed Pin From Net: NetName=R3 Pin=RED-5
Removed Pin From Net: NetName=R2 Pin=RED-6
Removed Pin From Net: NetName=R1 Pin=RED-7
Removed Pin From Net: NetName=R0 Pin=RED-8
Added Pin To Net: NetName=R1 Pin=R1-1
Added Pin To Net: NetName=R2 Pin=R2-1
Added Pin To Net: NetName=R3 Pin=R3-1
Added Pin To Net: NetName=R4 Pin=R4-1
Added Pin To Net: NetName=R5 Pin=R5-1
Added Pin To Net: NetName=R7 Pin=R7-1
