Removed Pin From Net: NetName=P10.1 Pin=U1-1
Removed Pin From Net: NetName=P10.3 Pin=U1-3
Removed Pin From Net: NetName=P1.0 Pin=U1-4
Removed Pin From Net: NetName=P1.1 Pin=U1-5
Removed Pin From Net: NetName=P1.2 Pin=U1-6
Removed Pin From Net: NetName=P1.3 Pin=U1-7
Removed Pin From Net: NetName=P1.4 Pin=U1-8
Added Pin To Net: NetName=NetR7_2 Pin=U1-1
Added Pin To Net: NetName=P10.1 Pin=U1-1
Added Pin To Net: NetName=P10.2 Pin=U1-2
Added Pin To Net: NetName=NetR3_1 Pin=U1-3
Added Pin To Net: NetName=P10.3 Pin=U1-3
Added Pin To Net: NetName=GND Pin=U1-4
Added Pin To Net: NetName=P1.0 Pin=U1-4
Added Pin To Net: NetName=NetR3_1 Pin=U1-5
Added Pin To Net: NetName=P1.1 Pin=U1-5
Added Pin To Net: NetName=NetR7_2 Pin=U1-6
Added Pin To Net: NetName=P1.2 Pin=U1-6
Added Pin To Net: NetName=NetQ2_2 Pin=U1-7
Added Pin To Net: NetName=P1.3 Pin=U1-7
Added Pin To Net: NetName=12V Pin=U1-8
Added Pin To Net: NetName=P1.4 Pin=U1-8
