Added Component: Designator=P3(HDR1X2)
Add component. Clean all parameters for all variants
Add component (AddParameter): Name = "LatestRevisionDate"; Value = "17-Jul-2002"; VariantName = "[No Variations]"
Add component (AddParameter): Name = "LatestRevisionNote"; Value = "Re-released for DXP Platform."; VariantName = "[No Variations]"
Add component (AddParameter): Name = "Publisher"; Value = "Altium Limited"; VariantName = "[No Variations]"
Added Component: Designator=P4(HDR1X2)
Add component. Clean all parameters for all variants
Add component (AddParameter): Name = "LatestRevisionDate"; Value = "17-Jul-2002"; VariantName = "[No Variations]"
Add component (AddParameter): Name = "LatestRevisionNote"; Value = "Re-released for DXP Platform."; VariantName = "[No Variations]"
Add component (AddParameter): Name = "Publisher"; Value = "Altium Limited"; VariantName = "[No Variations]"
Added Component: Designator=P5(HDR1X11)
Add component. Clean all parameters for all variants
Add component (AddParameter): Name = "LatestRevisionDate"; Value = "17-Jul-2002"; VariantName = "[No Variations]"
Add component (AddParameter): Name = "LatestRevisionNote"; Value = "Re-released for DXP Platform."; VariantName = "[No Variations]"
Add component (AddParameter): Name = "Publisher"; Value = "Altium Limited"; VariantName = "[No Variations]"
Added Pin To Net: NetName=YU Pin=P3-1
Added Pin To Net: NetName=XL Pin=P3-2
Added Pin To Net: NetName=YU Pin=P4-1
Added Pin To Net: NetName=XR Pin=P4-2
Added Pin To Net: NetName=INT Pin=P5-3
Added Net: Name=INT
Added Pin To Net: NetName=MODE Pin=P5-6
Added Net: Name=MODE
Added Pin To Net: NetName=SCL Pin=P5-2
Added Net: Name=SCL
Added Pin To Net: NetName=SDA/CS Pin=P5-1
Added Net: Name=SDA/CS
Added Pin To Net: NetName=SDI Pin=P5-5
Added Net: Name=SDI
Added Pin To Net: NetName=SDO Pin=P5-4
Added Net: Name=SDO
Added Member To Class: ClassName=lcd_breakout Member=Component P3 Header 2
Added Member To Class: ClassName=lcd_breakout Member=Component P4 Header 2
Added Member To Class: ClassName=lcd_breakout Member=Component P5 Header 11
Added Room: Name=fpga_sram
Added Room: Name=lcd_breakout
