Change Component Designator: OldDesignator=*1 NewDesignator=FPGA
Added Net: Name=+3V3
Added Net: Name=+24V
Added Net: Name=B0
Added Net: Name=B1
Added Net: Name=B2
Added Net: Name=B3
Added Net: Name=B4
Added Net: Name=B5
Added Net: Name=B6
Added Net: Name=B7
Added Net: Name=CLK
Added Net: Name=DE
Added Net: Name=G0
Added Net: Name=G1
Added Net: Name=G2
Added Net: Name=G3
Added Net: Name=G4
Added Net: Name=G5
Added Net: Name=G6
Added Net: Name=G7
Added Net: Name=GND
Added Net: Name=HSYNC
Added Net: Name=LEDK
Added Net: Name=NetCONTROL_5
Added Net: Name=NetD2_A
Added Net: Name=NetR2_1
Added Net: Name=NetR3_1
Added Net: Name=NetR4_1
Added Net: Name=ON/OFF
Added Net: Name=PWM
Added Net: Name=R0
Added Net: Name=R1
Added Net: Name=R2
Added Net: Name=R3
Added Net: Name=R4
Added Net: Name=R5
Added Net: Name=R6
Added Net: Name=R7
Added Net: Name=VIN
Added Net: Name=VSYNC
Added Net: Name=XL
Added Net: Name=XR
Added Net: Name=YD
Added Net: Name=YU
Added Class: Name=Adafruit 40pin TFT friend
Added Class: Name=B[0..7]
Added Class: Name=G[0..7]
Added Class: Name=R[0..7]
Added Room: Name=Adafruit 40pin TFT friend
