Removed Pin From Net: NetName=B0 Pin=B0-1
Removed Pin From Net: NetName=B1 Pin=B1-1
Removed Pin From Net: NetName=B2 Pin=B2-1
Removed Pin From Net: NetName=B3 Pin=B3-1
Removed Pin From Net: NetName=B4 Pin=B4-1
Removed Pin From Net: NetName=B5 Pin=B5-1
Removed Pin From Net: NetName=B6 Pin=B6-1
Removed Pin From Net: NetName=B7 Pin=B7-1
Removed Pin From Net: NetName=CLK_pixel Pin=CLK-1
Removed Pin From Net: NetName=DE Pin=DE-1
Removed Pin From Net: NetName=G6 Pin=FPGA-39
Removed Pin From Net: NetName=G5 Pin=FPGA-41
Removed Pin From Net: NetName=G4 Pin=FPGA-43
Removed Pin From Net: NetName=G3 Pin=FPGA-45
Removed Pin From Net: NetName=R7 Pin=FPGA-46
Removed Pin From Net: NetName=G2 Pin=FPGA-47
Removed Pin From Net: NetName=R6 Pin=FPGA-48
Removed Pin From Net: NetName=G1 Pin=FPGA-49
Removed Pin From Net: NetName=R5 Pin=FPGA-50
Removed Pin From Net: NetName=G0 Pin=FPGA-51
Removed Pin From Net: NetName=R4 Pin=FPGA-52
Removed Pin From Net: NetName=R0 Pin=FPGA-53
Removed Pin From Net: NetName=R3 Pin=FPGA-54
Removed Pin From Net: NetName=R1 Pin=FPGA-55
Removed Pin From Net: NetName=R2 Pin=FPGA-56
Removed Pin From Net: NetName=G7 Pin=FPGA-128
Removed Pin From Net: NetName=ON/OFF Pin=FPGA-132
Removed Pin From Net: NetName=HSYNC Pin=FPGA-134
Removed Pin From Net: NetName=B0 Pin=FPGA-135
Removed Pin From Net: NetName=VSYNC Pin=FPGA-136
Removed Pin From Net: NetName=B1 Pin=FPGA-137
Removed Pin From Net: NetName=DE Pin=FPGA-138
Removed Pin From Net: NetName=B2 Pin=FPGA-139
Removed Pin From Net: NetName=B7 Pin=FPGA-140
Removed Pin From Net: NetName=B3 Pin=FPGA-141
Removed Pin From Net: NetName=B6 Pin=FPGA-142
Removed Pin From Net: NetName=B4 Pin=FPGA-143
Removed Pin From Net: NetName=B5 Pin=FPGA-144
Removed Pin From Net: NetName=G0 Pin=G0-1
Removed Pin From Net: NetName=G1 Pin=G1-1
Removed Pin From Net: NetName=G2 Pin=G2-1
Removed Pin From Net: NetName=G3 Pin=G3-1
Removed Pin From Net: NetName=G4 Pin=G4-1
Removed Pin From Net: NetName=G5 Pin=G5-1
Removed Pin From Net: NetName=G6 Pin=G6-1
Removed Pin From Net: NetName=G7 Pin=G7-1
Removed Pin From Net: NetName=HSYNC Pin=HSYNC-1
Removed Pin From Net: NetName=ON/OFF Pin=ON/OFF-1
Removed Pin From Net: NetName=G0 Pin=R0-1
Removed Pin From Net: NetName=R1 Pin=R1-1
Removed Pin From Net: NetName=R2 Pin=R2-1
Removed Pin From Net: NetName=R3 Pin=R3-1
Removed Pin From Net: NetName=R4 Pin=R4-1
Removed Pin From Net: NetName=R5 Pin=R5-1
Removed Pin From Net: NetName=R7 Pin=R6-1
Removed Pin From Net: NetName=R6 Pin=R7-1
Removed Pin From Net: NetName=VSYNC Pin=VSYNC-1
Removed Member From Class: ClassName=lcd_breakout Member=5VIN
Removed Member From Class: ClassName=lcd_breakout Member=B0
Removed Member From Class: ClassName=lcd_breakout Member=B1
Removed Member From Class: ClassName=lcd_breakout Member=B2
Removed Member From Class: ClassName=lcd_breakout Member=B3
Removed Member From Class: ClassName=lcd_breakout Member=B4
Removed Member From Class: ClassName=lcd_breakout Member=B5
Removed Member From Class: ClassName=lcd_breakout Member=B6
Removed Member From Class: ClassName=lcd_breakout Member=B7
Removed Member From Class: ClassName=lcd_breakout Member=CLK
Removed Member From Class: ClassName=lcd_breakout Member=DE
Removed Member From Class: ClassName=lcd_breakout Member=G0
Removed Member From Class: ClassName=lcd_breakout Member=G1
Removed Member From Class: ClassName=lcd_breakout Member=G2
Removed Member From Class: ClassName=lcd_breakout Member=G3
Removed Member From Class: ClassName=lcd_breakout Member=G4
Removed Member From Class: ClassName=lcd_breakout Member=G5
Removed Member From Class: ClassName=lcd_breakout Member=G6
Removed Member From Class: ClassName=lcd_breakout Member=G7
Removed Member From Class: ClassName=lcd_breakout Member=GND0
Removed Member From Class: ClassName=lcd_breakout Member=GND1
Removed Member From Class: ClassName=lcd_breakout Member=HSYNC
Removed Member From Class: ClassName=lcd_breakout Member=NC0
Removed Member From Class: ClassName=lcd_breakout Member=NC1
Removed Member From Class: ClassName=lcd_breakout Member=NC2
Removed Member From Class: ClassName=lcd_breakout Member=ON/OFF
Removed Member From Class: ClassName=lcd_breakout Member=PWM
Removed Member From Class: ClassName=lcd_breakout Member=R0
Removed Member From Class: ClassName=lcd_breakout Member=R6
Removed Member From Class: ClassName=lcd_breakout Member=VSYNC
Removed Member From Class: ClassName=lcd_breakout Member=XL
Removed Member From Class: ClassName=lcd_breakout Member=XR
Removed Member From Class: ClassName=lcd_breakout Member=YD
Removed Member From Class: ClassName=lcd_breakout Member=YU
Added Component: Designator=P?(HDR1X20)
Add component. Clean all parameters for all variants
Add component (AddParameter): Name = "LatestRevisionDate"; Value = "17-Jul-2002"; VariantName = "[No Variations]"
Add component (AddParameter): Name = "LatestRevisionNote"; Value = "Re-released for DXP Platform."; VariantName = "[No Variations]"
Add component (AddParameter): Name = "Publisher"; Value = "Altium Limited"; VariantName = "[No Variations]"
Added Component: Designator=P?(HDR1X20)
Add component. Clean all parameters for all variants
Add component (AddParameter): Name = "LatestRevisionDate"; Value = "17-Jul-2002"; VariantName = "[No Variations]"
Add component (AddParameter): Name = "LatestRevisionNote"; Value = "Re-released for DXP Platform."; VariantName = "[No Variations]"
Add component (AddParameter): Name = "Publisher"; Value = "Altium Limited"; VariantName = "[No Variations]"
Added Pin To Net: NetName=CLK_pixel Pin=P?-16
Added Net: Name=+3V3
Added Net: Name=+24V
Added Pin To Net: NetName=BLUE0 Pin=FPGA-135
Added Pin To Net: NetName=BLUE0 Pin=P?-9
Added Net: Name=BLUE0
Added Pin To Net: NetName=BLUE1 Pin=FPGA-137
Added Pin To Net: NetName=BLUE1 Pin=P?-10
Added Net: Name=BLUE1
Added Pin To Net: NetName=BLUE2 Pin=FPGA-139
Added Pin To Net: NetName=BLUE2 Pin=P?-11
Added Net: Name=BLUE2
Added Pin To Net: NetName=BLUE3 Pin=FPGA-141
Added Pin To Net: NetName=BLUE3 Pin=P?-12
Added Net: Name=BLUE3
Added Pin To Net: NetName=BLUE4 Pin=FPGA-143
Added Pin To Net: NetName=BLUE4 Pin=P?-13
Added Net: Name=BLUE4
Added Pin To Net: NetName=BLUE5 Pin=FPGA-144
Added Pin To Net: NetName=BLUE5 Pin=P?-14
Added Net: Name=BLUE5
Added Pin To Net: NetName=BLUE6 Pin=FPGA-142
Added Pin To Net: NetName=BLUE6 Pin=P?-15
Added Net: Name=BLUE6
Added Pin To Net: NetName=BLUE7 Pin=FPGA-140
Added Pin To Net: NetName=BLUE7 Pin=P?-16
Added Net: Name=BLUE7
Added Net: Name=CLK
Added Net: Name=GND
Added Pin To Net: NetName=GREEN0 Pin=FPGA-51
Added Pin To Net: NetName=GREEN0 Pin=P?-7
Added Net: Name=GREEN0
Added Pin To Net: NetName=GREEN1 Pin=FPGA-49
Added Pin To Net: NetName=GREEN1 Pin=P?-8
Added Net: Name=GREEN1
Added Pin To Net: NetName=GREEN2 Pin=FPGA-47
Added Pin To Net: NetName=GREEN2 Pin=P?-9
Added Net: Name=GREEN2
Added Pin To Net: NetName=GREEN3 Pin=FPGA-45
Added Pin To Net: NetName=GREEN3 Pin=P?-10
Added Net: Name=GREEN3
Added Pin To Net: NetName=GREEN4 Pin=FPGA-43
Added Pin To Net: NetName=GREEN4 Pin=P?-11
Added Net: Name=GREEN4
Added Pin To Net: NetName=GREEN5 Pin=FPGA-41
Added Pin To Net: NetName=GREEN5 Pin=P?-12
Added Net: Name=GREEN5
Added Pin To Net: NetName=GREEN6 Pin=FPGA-39
Added Pin To Net: NetName=GREEN6 Pin=P?-13
Added Net: Name=GREEN6
Added Pin To Net: NetName=GREEN7 Pin=FPGA-128
Added Pin To Net: NetName=GREEN7 Pin=P?-14
Added Net: Name=GREEN7
Added Net: Name=LEDK
Added Net: Name=NetCONTROL_5
Added Net: Name=NetD2_A
Added Net: Name=NetR2_1
Added Net: Name=NetR3_1
Added Net: Name=NetR4_1
Added Net: Name=PWM
Added Pin To Net: NetName=RED0 Pin=FPGA-53
Added Pin To Net: NetName=RED0 Pin=P?-1
Added Net: Name=RED0
Added Pin To Net: NetName=RED1 Pin=FPGA-55
Added Pin To Net: NetName=RED1 Pin=P?-2
Added Net: Name=RED1
Added Pin To Net: NetName=RED2 Pin=FPGA-56
Added Pin To Net: NetName=RED2 Pin=P?-3
Added Net: Name=RED2
Added Pin To Net: NetName=RED3 Pin=FPGA-54
Added Pin To Net: NetName=RED3 Pin=P?-4
Added Net: Name=RED3
Added Pin To Net: NetName=RED4 Pin=FPGA-52
Added Pin To Net: NetName=RED4 Pin=P?-5
Added Net: Name=RED4
Added Pin To Net: NetName=RED5 Pin=FPGA-50
Added Pin To Net: NetName=RED5 Pin=P?-6
Added Net: Name=RED5
Added Pin To Net: NetName=RED6 Pin=FPGA-48
Added Pin To Net: NetName=RED6 Pin=P?-7
Added Net: Name=RED6
Added Pin To Net: NetName=RED7 Pin=FPGA-46
Added Pin To Net: NetName=RED7 Pin=P?-8
Added Net: Name=RED7
Added Net: Name=VIN
Added Net: Name=XL
Added Net: Name=XR
Added Net: Name=YD
Added Net: Name=YU
Change Class Name : Old Net Name=lcd_breakout New Net Name=Adafruit 40pin TFT friend
Added Class: Name=lcd_breakout
Added Class: Name=B[0..7]
Added Class: Name=G[0..7]
Added Class: Name=R[0..7]
Added Room: Name=Adafruit 40pin TFT friend
Added Room: Name=fpga_sram
Added Room: Name=lcd_breakout
