Removed Pin From Net: NetName=NetR7_2 Pin=U1-1
Removed Pin From Net: NetName=NetR3_1 Pin=U1-3
Removed Pin From Net: NetName=GND Pin=U1-4
Removed Pin From Net: NetName=12V Pin=U1-8
Change Component Designator: OldDesignator=Switch A NewDesignator=SW A
Change Component Designator: OldDesignator=Switch A LED NewDesignator=SW A LED
Change Component Designator: OldDesignator=Switch B NewDesignator=SW B
Change Component Designator: OldDesignator=Switch B LED NewDesignator=SW B LED
Change Component Designator: OldDesignator=Switch DOWN NewDesignator=SW DOWN
Change Component Designator: OldDesignator=Switch DOWN LED NewDesignator=SW DOWN LED
Change Component Designator: OldDesignator=Switch LEFT NewDesignator=SW LEFT
Change Component Designator: OldDesignator=Switch LEFT LED NewDesignator=SW LEFT LED
Change Component Designator: OldDesignator=Switch RIGHT NewDesignator=SW RIGHT
Change Component Designator: OldDesignator=Switch RIGHT LED NewDesignator=SW RIGHT LED
Change Component Designator: OldDesignator=Switch UP NewDesignator=SW UP
Change Component Designator: OldDesignator=Switch UP LED NewDesignator=SW UP LED
Added Pin To Net: NetName=NetR7_2 Pin=U1-1
Added Pin To Net: NetName=NetR3_1 Pin=U1-3
Added Pin To Net: NetName=GND Pin=U1-4
Added Pin To Net: NetName=12V Pin=U1-8
Added Member To Class: ClassName=BatteryRecharge2 Member=Component C3 Cap Pol1
Added Member To Class: ClassName=BatteryRecharge2 Member=Component R12 Res1
Added Room: Name=BatteryRecharge2
Added Room: Name=dac_audio_out
Added Room: Name=fpga_sram
Added Room: Name=lcd_breakout
Added Room: Name=MSPBreakout
