Removed Pin From Net: NetName=GREEN6 Pin=FPGA-39
Removed Pin From Net: NetName=GREEN5 Pin=FPGA-41
Removed Pin From Net: NetName=GREEN4 Pin=FPGA-43
Removed Pin From Net: NetName=GREEN3 Pin=FPGA-45
Removed Pin From Net: NetName=RED7 Pin=FPGA-46
Removed Pin From Net: NetName=GREEN2 Pin=FPGA-47
Removed Pin From Net: NetName=RED6 Pin=FPGA-48
Removed Pin From Net: NetName=GREEN1 Pin=FPGA-49
Removed Pin From Net: NetName=RED5 Pin=FPGA-50
Removed Pin From Net: NetName=GREEN0 Pin=FPGA-51
Removed Pin From Net: NetName=RED4 Pin=FPGA-52
Removed Pin From Net: NetName=RED0 Pin=FPGA-53
Removed Pin From Net: NetName=RED3 Pin=FPGA-54
Removed Pin From Net: NetName=RED1 Pin=FPGA-55
Removed Pin From Net: NetName=RED2 Pin=FPGA-56
Removed Pin From Net: NetName=CLK_pixel Pin=FPGA-130
Removed Pin From Net: NetName=ON/OFF Pin=FPGA-132
Removed Pin From Net: NetName=HSYNC Pin=FPGA-134
Removed Pin From Net: NetName=BLUE0 Pin=FPGA-135
Removed Pin From Net: NetName=VSYNC Pin=FPGA-136
Removed Pin From Net: NetName=BLUE1 Pin=FPGA-137
Removed Pin From Net: NetName=DE Pin=FPGA-138
Removed Pin From Net: NetName=BLUE2 Pin=FPGA-139
Removed Pin From Net: NetName=BLUE7 Pin=FPGA-140
Removed Pin From Net: NetName=BLUE3 Pin=FPGA-141
Removed Pin From Net: NetName=BLUE6 Pin=FPGA-142
Removed Pin From Net: NetName=BLUE4 Pin=FPGA-143
Removed Pin From Net: NetName=BLUE5 Pin=FPGA-144
Removed Pin From Net: NetName=NetR7_2 Pin=U1-1
Removed Pin From Net: NetName=NetR3_1 Pin=U1-3
Removed Pin From Net: NetName=GND Pin=U1-4
Removed Pin From Net: NetName=12V Pin=U1-8
Added Pin To Net: NetName=BLUE0 Pin=FPGA-37
Added Pin To Net: NetName=BLUE1 Pin=FPGA-39
Added Pin To Net: NetName=BLUE2 Pin=FPGA-41
Added Pin To Net: NetName=BLUE3 Pin=FPGA-43
Added Pin To Net: NetName=BLUE4 Pin=FPGA-45
Added Pin To Net: NetName=GREEN5 Pin=FPGA-46
Added Pin To Net: NetName=BLUE5 Pin=FPGA-47
Added Pin To Net: NetName=GREEN6 Pin=FPGA-48
Added Pin To Net: NetName=BLUE6 Pin=FPGA-49
Added Pin To Net: NetName=GREEN7 Pin=FPGA-50
Added Pin To Net: NetName=BLUE7 Pin=FPGA-51
Added Pin To Net: NetName=CLK_pixel Pin=FPGA-52
Added Pin To Net: NetName=DE Pin=FPGA-53
Added Pin To Net: NetName=ON/OFF Pin=FPGA-54
Added Pin To Net: NetName=VSYNC Pin=FPGA-55
Added Pin To Net: NetName=HSYNC Pin=FPGA-56
Added Pin To Net: NetName=RED7 Pin=FPGA-130
Added Pin To Net: NetName=RED6 Pin=FPGA-132
Added Pin To Net: NetName=RED5 Pin=FPGA-134
Added Pin To Net: NetName=GREEN0 Pin=FPGA-135
Added Pin To Net: NetName=RED4 Pin=FPGA-136
Added Pin To Net: NetName=GREEN1 Pin=FPGA-137
Added Pin To Net: NetName=RED3 Pin=FPGA-138
Added Pin To Net: NetName=GREEN2 Pin=FPGA-139
Added Pin To Net: NetName=RED2 Pin=FPGA-140
Added Pin To Net: NetName=GREEN3 Pin=FPGA-141
Added Pin To Net: NetName=RED1 Pin=FPGA-142
Added Pin To Net: NetName=GREEN4 Pin=FPGA-143
Added Pin To Net: NetName=RED0 Pin=FPGA-144
Added Pin To Net: NetName=NetR7_2 Pin=U1-1
Added Pin To Net: NetName=NetR3_1 Pin=U1-3
Added Pin To Net: NetName=GND Pin=U1-4
Added Pin To Net: NetName=12V Pin=U1-8
Added Member To Class: ClassName=BatteryRecharge2 Member=Component C3 Cap Pol1
