Removed Pin From Net: NetName=IO11 Pin=FPGA-4
Removed Pin From Net: NetName=IO10 Pin=FPGA-6
Removed Pin From Net: NetName=IO9 Pin=FPGA-8
Removed Pin From Net: NetName=IO8 Pin=FPGA-10
Removed Pin From Net: NetName=A5 Pin=FPGA-12
Removed Pin From Net: NetName=A6 Pin=FPGA-14
Removed Pin From Net: NetName=A7 Pin=FPGA-16
Removed Pin From Net: NetName=A8 Pin=FPGA-18
Removed Pin From Net: NetName=A9 Pin=FPGA-20
Removed Pin From Net: NetName=/OE Pin=FPGA-22
Removed Pin From Net: NetName=/BLE Pin=FPGA-26
Removed Pin From Net: NetName=A10 Pin=FPGA-28
Removed Pin From Net: NetName=A11 Pin=FPGA-30
Removed Pin From Net: NetName=A12 Pin=FPGA-32
Removed Pin From Net: NetName=A13 Pin=FPGA-34
Removed Pin From Net: NetName=A14 Pin=FPGA-36
Removed Pin From Net: NetName=IO7 Pin=FPGA-38
Removed Pin From Net: NetName=IO6 Pin=FPGA-40
Removed Pin From Net: NetName=IO5 Pin=FPGA-42
Removed Pin From Net: NetName=IO4 Pin=FPGA-44
Removed Pin From Net: NetName=IO12 Pin=FPGA-91
Removed Pin From Net: NetName=IO13 Pin=FPGA-93
Removed Pin From Net: NetName=IO14 Pin=FPGA-95
Removed Pin From Net: NetName=IO15 Pin=FPGA-97
Removed Pin From Net: NetName=A4 Pin=FPGA-99
Removed Pin From Net: NetName=A3 Pin=FPGA-101
Removed Pin From Net: NetName=A2 Pin=FPGA-103
Removed Pin From Net: NetName=A1 Pin=FPGA-105
Removed Pin From Net: NetName=A0 Pin=FPGA-107
Removed Pin From Net: NetName=/BHE Pin=FPGA-109
Removed Pin From Net: NetName=/CE Pin=FPGA-113
Removed Pin From Net: NetName=/WE Pin=FPGA-115
Removed Pin From Net: NetName=A19 Pin=FPGA-117
Removed Pin From Net: NetName=A18 Pin=FPGA-119
Removed Pin From Net: NetName=A17 Pin=FPGA-121
Removed Pin From Net: NetName=A16 Pin=FPGA-123
Removed Pin From Net: NetName=A15 Pin=FPGA-125
Removed Pin From Net: NetName=IO0 Pin=FPGA-127
Removed Pin From Net: NetName=IO1 Pin=FPGA-129
Removed Pin From Net: NetName=IO2 Pin=FPGA-131
Removed Pin From Net: NetName=IO3 Pin=FPGA-133
Added Pin To Net: NetName=IO12 Pin=FPGA-4
Added Pin To Net: NetName=IO13 Pin=FPGA-6
Added Pin To Net: NetName=IO14 Pin=FPGA-8
Added Pin To Net: NetName=IO15 Pin=FPGA-10
Added Pin To Net: NetName=A4 Pin=FPGA-12
Added Pin To Net: NetName=A3 Pin=FPGA-14
Added Pin To Net: NetName=A2 Pin=FPGA-16
Added Pin To Net: NetName=A1 Pin=FPGA-18
Added Pin To Net: NetName=A0 Pin=FPGA-20
Added Pin To Net: NetName=/BHE Pin=FPGA-22
Added Pin To Net: NetName=/CE Pin=FPGA-26
Added Pin To Net: NetName=/WE Pin=FPGA-28
Added Pin To Net: NetName=A19 Pin=FPGA-30
Added Pin To Net: NetName=A18 Pin=FPGA-32
Added Pin To Net: NetName=A17 Pin=FPGA-34
Added Pin To Net: NetName=A16 Pin=FPGA-36
Added Pin To Net: NetName=IO0 Pin=FPGA-38
Added Pin To Net: NetName=IO1 Pin=FPGA-40
Added Pin To Net: NetName=IO2 Pin=FPGA-42
Added Pin To Net: NetName=IO3 Pin=FPGA-44
Added Pin To Net: NetName=IO11 Pin=FPGA-91
Added Pin To Net: NetName=IO10 Pin=FPGA-93
Added Pin To Net: NetName=IO9 Pin=FPGA-95
Added Pin To Net: NetName=IO8 Pin=FPGA-97
Added Pin To Net: NetName=A5 Pin=FPGA-99
Added Pin To Net: NetName=A6 Pin=FPGA-101
Added Pin To Net: NetName=A7 Pin=FPGA-103
Added Pin To Net: NetName=A8 Pin=FPGA-105
Added Pin To Net: NetName=A9 Pin=FPGA-107
Added Pin To Net: NetName=/OE Pin=FPGA-109
Added Pin To Net: NetName=/BLE Pin=FPGA-113
Added Pin To Net: NetName=A10 Pin=FPGA-115
Added Pin To Net: NetName=A11 Pin=FPGA-117
Added Pin To Net: NetName=A12 Pin=FPGA-119
Added Pin To Net: NetName=A13 Pin=FPGA-121
Added Pin To Net: NetName=A14 Pin=FPGA-123
Added Pin To Net: NetName=IO7 Pin=FPGA-125
Added Pin To Net: NetName=IO6 Pin=FPGA-127
Added Pin To Net: NetName=IO5 Pin=FPGA-129
Added Pin To Net: NetName=IO4 Pin=FPGA-131
