Removed Pin From Net: NetName=BLUE7 Pin=FPGA-37
Removed Pin From Net: NetName=BLUE6 Pin=FPGA-39
Removed Pin From Net: NetName=BLUE5 Pin=FPGA-41
Removed Pin From Net: NetName=BLUE4 Pin=FPGA-43
Removed Pin From Net: NetName=BLUE3 Pin=FPGA-45
Removed Pin From Net: NetName=BLUE2 Pin=FPGA-47
Removed Pin From Net: NetName=BLUE1 Pin=FPGA-49
Removed Pin From Net: NetName=BLUE0 Pin=FPGA-51
Removed Pin From Net: NetName=RED0 Pin=FPGA-130
Removed Pin From Net: NetName=RED1 Pin=FPGA-132
Removed Pin From Net: NetName=RED2 Pin=FPGA-134
Removed Pin From Net: NetName=RED3 Pin=FPGA-136
Removed Pin From Net: NetName=RED4 Pin=FPGA-138
Removed Pin From Net: NetName=RED5 Pin=FPGA-140
Removed Pin From Net: NetName=RED6 Pin=FPGA-142
Removed Pin From Net: NetName=RED7 Pin=FPGA-144
Added Pin To Net: NetName=RED7 Pin=FPGA-37
Added Pin To Net: NetName=RED6 Pin=FPGA-39
Added Pin To Net: NetName=RED5 Pin=FPGA-41
Added Pin To Net: NetName=RED4 Pin=FPGA-43
Added Pin To Net: NetName=RED3 Pin=FPGA-45
Added Pin To Net: NetName=RED2 Pin=FPGA-47
Added Pin To Net: NetName=RED1 Pin=FPGA-49
Added Pin To Net: NetName=RED0 Pin=FPGA-51
Added Pin To Net: NetName=BLUE0 Pin=FPGA-130
Added Pin To Net: NetName=BLUE1 Pin=FPGA-132
Added Pin To Net: NetName=BLUE2 Pin=FPGA-134
Added Pin To Net: NetName=BLUE3 Pin=FPGA-136
Added Pin To Net: NetName=BLUE4 Pin=FPGA-138
Added Pin To Net: NetName=BLUE5 Pin=FPGA-140
Added Pin To Net: NetName=BLUE6 Pin=FPGA-142
Added Pin To Net: NetName=BLUE7 Pin=FPGA-144
Added Room: Name=BatteryRecharge2
Added Room: Name=dac_audio_out
Added Room: Name=fpga_sram
Added Room: Name=lcd_breakout
Added Room: Name=MSPBreakout
