Added Component: Designator=C?(POLAR0.8)
Add component. Clean all parameters for all variants
Add component (AddParameter): Name = "LatestRevisionDate"; Value = "17-Jul-2002"; VariantName = "[No Variations]"
Add component (AddParameter): Name = "LatestRevisionNote"; Value = "Re-released for DXP Platform."; VariantName = "[No Variations]"
Add component (AddParameter): Name = "PackageDescription"; Value = "Polarized Capacitor; 2 Leads"; VariantName = "[No Variations]"
Add component (AddParameter): Name = "PackageReference"; Value = "POLAR0.8"; VariantName = "[No Variations]"
Add component (AddParameter): Name = "Published"; Value = "8-Jun-2000"; VariantName = "[No Variations]"
Add component (AddParameter): Name = "Publisher"; Value = "Altium Limited"; VariantName = "[No Variations]"
Add component (AddParameter): Name = "Value"; Value = "50uF"; VariantName = "[No Variations]"
Added Component: Designator=C?(POLAR0.8)
Add component. Clean all parameters for all variants
Add component (AddParameter): Name = "LatestRevisionDate"; Value = "17-Jul-2002"; VariantName = "[No Variations]"
Add component (AddParameter): Name = "LatestRevisionNote"; Value = "Re-released for DXP Platform."; VariantName = "[No Variations]"
Add component (AddParameter): Name = "PackageDescription"; Value = "Polarized Capacitor; 2 Leads"; VariantName = "[No Variations]"
Add component (AddParameter): Name = "PackageReference"; Value = "POLAR0.8"; VariantName = "[No Variations]"
Add component (AddParameter): Name = "Published"; Value = "8-Jun-2000"; VariantName = "[No Variations]"
Add component (AddParameter): Name = "Publisher"; Value = "Altium Limited"; VariantName = "[No Variations]"
Add component (AddParameter): Name = "Value"; Value = "50uF"; VariantName = "[No Variations]"
Added Component: Designator=Port 2(HDR1X8)
Add component. Clean all parameters for all variants
Add component (AddParameter): Name = "LatestRevisionDate"; Value = "17-Jul-2002"; VariantName = "[No Variations]"
Add component (AddParameter): Name = "LatestRevisionNote"; Value = "Re-released for DXP Platform."; VariantName = "[No Variations]"
Add component (AddParameter): Name = "Publisher"; Value = "Altium Limited"; VariantName = "[No Variations]"
Added Pin To Net: NetName=V_BAT Pin=C?-1
Added Pin To Net: NetName=V_BAT Pin=C?-1
Added Pin To Net: NetName=GND Pin=C?-2
Added Pin To Net: NetName=GND Pin=C?-2
Added Pin To Net: NetName=NetPort 2_1 Pin=Port 2-1
Added Pin To Net: NetName=NetPort 2_1 Pin=U1-16
Added Net: Name=NetPort 2_1
Added Pin To Net: NetName=NetPort 2_2 Pin=Port 2-2
Added Pin To Net: NetName=NetPort 2_2 Pin=U1-17
Added Net: Name=NetPort 2_2
Added Pin To Net: NetName=NetPort 2_3 Pin=Port 2-3
Added Pin To Net: NetName=NetPort 2_3 Pin=U1-18
Added Net: Name=NetPort 2_3
Added Pin To Net: NetName=NetPort 2_4 Pin=Port 2-4
Added Pin To Net: NetName=NetPort 2_4 Pin=U1-19
Added Net: Name=NetPort 2_4
Added Pin To Net: NetName=NetPort 2_5 Pin=Port 2-5
Added Pin To Net: NetName=NetPort 2_5 Pin=U1-20
Added Net: Name=NetPort 2_5
Added Pin To Net: NetName=NetPort 2_6 Pin=Port 2-6
Added Pin To Net: NetName=NetPort 2_6 Pin=U1-21
Added Net: Name=NetPort 2_6
Added Pin To Net: NetName=NetPort 2_7 Pin=Port 2-7
Added Pin To Net: NetName=NetPort 2_7 Pin=U1-22
Added Net: Name=NetPort 2_7
Added Pin To Net: NetName=NetPort 2_8 Pin=Port 2-8
Added Pin To Net: NetName=NetPort 2_8 Pin=U1-23
Added Net: Name=NetPort 2_8
Added Member To Class: ClassName=BatteryRecharge2 Member=Component C? Cap Pol2
Added Member To Class: ClassName=BatteryRecharge2 Member=Component C? Cap Pol2
Added Member To Class: ClassName=MSPBreakout Member=Component Port 2 Header 8
Added Room: Name=BatteryRecharge2
Added Room: Name=dac_audio_out
Added Room: Name=fpga_sram
Added Room: Name=lcd_breakout
Added Room: Name=MSPBreakout
